   1              	 .syntax unified
   2              	 .cpu cortex-m4
   3              	 .eabi_attribute 27,3
   4              	 .fpu fpv4-sp-d16
   5              	 .eabi_attribute 20,1
   6              	 .eabi_attribute 21,1
   7              	 .eabi_attribute 23,3
   8              	 .eabi_attribute 24,1
   9              	 .eabi_attribute 25,1
  10              	 .eabi_attribute 26,1
  11              	 .eabi_attribute 30,6
  12              	 .eabi_attribute 34,1
  13              	 .eabi_attribute 18,4
  14              	 .thumb
  15              	 .file "xmc4_gpio.c"
  16              	 .text
  17              	.Ltext0:
  18              	 .cfi_sections .debug_frame
  19              	 .section .text.XMC_GPIO_Init,"ax",%progbits
  20              	 .align 2
  21              	 .global XMC_GPIO_Init
  22              	 .thumb
  23              	 .thumb_func
  25              	XMC_GPIO_Init:
  26              	.LFB138:
  27              	 .file 1 "../Libraries/XMCLib/src/xmc4_gpio.c"
   1:../Libraries/XMCLib/src/xmc4_gpio.c **** /**
   2:../Libraries/XMCLib/src/xmc4_gpio.c ****  * @file xmc4_gpio.c
   3:../Libraries/XMCLib/src/xmc4_gpio.c ****  * @date 2015-06-20
   4:../Libraries/XMCLib/src/xmc4_gpio.c ****  *
   5:../Libraries/XMCLib/src/xmc4_gpio.c ****  * @cond
   6:../Libraries/XMCLib/src/xmc4_gpio.c ****   *************************************************************************************************
   7:../Libraries/XMCLib/src/xmc4_gpio.c ****  * XMClib v2.1.8 - XMC Peripheral Driver Library 
   8:../Libraries/XMCLib/src/xmc4_gpio.c ****  *
   9:../Libraries/XMCLib/src/xmc4_gpio.c ****  * Copyright (c) 2015-2016, Infineon Technologies AG
  10:../Libraries/XMCLib/src/xmc4_gpio.c ****  * All rights reserved.                        
  11:../Libraries/XMCLib/src/xmc4_gpio.c ****  *                                             
  12:../Libraries/XMCLib/src/xmc4_gpio.c ****  * Redistribution and use in source and binary forms, with or without modification,are permitted pr
  13:../Libraries/XMCLib/src/xmc4_gpio.c ****  * following conditions are met:   
  14:../Libraries/XMCLib/src/xmc4_gpio.c ****  *                                                                              
  15:../Libraries/XMCLib/src/xmc4_gpio.c ****  * Redistributions of source code must retain the above copyright notice, this list of conditions a
  16:../Libraries/XMCLib/src/xmc4_gpio.c ****  * disclaimer.                        
  17:../Libraries/XMCLib/src/xmc4_gpio.c ****  * 
  18:../Libraries/XMCLib/src/xmc4_gpio.c ****  * Redistributions in binary form must reproduce the above copyright notice, this list of condition
  19:../Libraries/XMCLib/src/xmc4_gpio.c ****  * disclaimer in the documentation and/or other materials provided with the distribution.          
  20:../Libraries/XMCLib/src/xmc4_gpio.c ****  * 
  21:../Libraries/XMCLib/src/xmc4_gpio.c ****  * Neither the name of the copyright holders nor the names of its contributors may be used to endor
  22:../Libraries/XMCLib/src/xmc4_gpio.c ****  * products derived from this software without specific prior written permission.                  
  23:../Libraries/XMCLib/src/xmc4_gpio.c ****  *                                                                              
  24:../Libraries/XMCLib/src/xmc4_gpio.c ****  * THIS SOFTWARE IS PROVIDED BY THE COPYRIGHT HOLDERS AND CONTRIBUTORS "AS IS" AND ANY EXPRESS OR I
  25:../Libraries/XMCLib/src/xmc4_gpio.c ****  * INCLUDING, BUT NOT LIMITED TO, THE IMPLIED WARRANTIES OF MERCHANTABILITY AND FITNESS FOR A PARTI
  26:../Libraries/XMCLib/src/xmc4_gpio.c ****  * DISCLAIMED. IN NO EVENT SHALL THE COPYRIGHT HOLDER OR CONTRIBUTORS BE LIABLE  FOR ANY DIRECT, IN
  27:../Libraries/XMCLib/src/xmc4_gpio.c ****  * SPECIAL, EXEMPLARY, OR CONSEQUENTIAL DAMAGES (INCLUDING, BUT NOT LIMITED TO, PROCUREMENT OF SUBS
  28:../Libraries/XMCLib/src/xmc4_gpio.c ****  * SERVICES; LOSS OF USE, DATA, OR PROFITS; OR BUSINESS INTERRUPTION) HOWEVER CAUSED AND ON ANY THE
  29:../Libraries/XMCLib/src/xmc4_gpio.c ****  * WHETHER IN CONTRACT, STRICT LIABILITY,OR TORT (INCLUDING NEGLIGENCE OR OTHERWISE) ARISING IN ANY
  30:../Libraries/XMCLib/src/xmc4_gpio.c ****  * OF THIS SOFTWARE, EVEN IF ADVISED OF THE POSSIBILITY OF SUCH DAMAGE.                            
  31:../Libraries/XMCLib/src/xmc4_gpio.c ****  *                                                                              
  32:../Libraries/XMCLib/src/xmc4_gpio.c ****  * To improve the quality of the software, users are encouraged to share modifications, enhancement
  33:../Libraries/XMCLib/src/xmc4_gpio.c ****  * Infineon Technologies AG dave@infineon.com).                                                    
  34:../Libraries/XMCLib/src/xmc4_gpio.c ****  **************************************************************************************************
  35:../Libraries/XMCLib/src/xmc4_gpio.c ****  *
  36:../Libraries/XMCLib/src/xmc4_gpio.c ****  * Change History
  37:../Libraries/XMCLib/src/xmc4_gpio.c ****  * --------------
  38:../Libraries/XMCLib/src/xmc4_gpio.c ****  *
  39:../Libraries/XMCLib/src/xmc4_gpio.c ****  * 2015-02-20:
  40:../Libraries/XMCLib/src/xmc4_gpio.c ****  *     - Initial draft <br>
  41:../Libraries/XMCLib/src/xmc4_gpio.c ****  *      
  42:../Libraries/XMCLib/src/xmc4_gpio.c ****  * 2015-06-20:
  43:../Libraries/XMCLib/src/xmc4_gpio.c ****  *     - Removed version macros and declaration of GetDriverVersion API
  44:../Libraries/XMCLib/src/xmc4_gpio.c ****  *
  45:../Libraries/XMCLib/src/xmc4_gpio.c ****  * @endcond
  46:../Libraries/XMCLib/src/xmc4_gpio.c ****  *
  47:../Libraries/XMCLib/src/xmc4_gpio.c ****  */
  48:../Libraries/XMCLib/src/xmc4_gpio.c **** 
  49:../Libraries/XMCLib/src/xmc4_gpio.c **** #include "xmc_gpio.h"
  50:../Libraries/XMCLib/src/xmc4_gpio.c **** 
  51:../Libraries/XMCLib/src/xmc4_gpio.c **** #if UC_FAMILY == XMC4
  52:../Libraries/XMCLib/src/xmc4_gpio.c **** 
  53:../Libraries/XMCLib/src/xmc4_gpio.c **** /*******************************************************************************
  54:../Libraries/XMCLib/src/xmc4_gpio.c ****  * MACROS
  55:../Libraries/XMCLib/src/xmc4_gpio.c ****  *******************************************************************************/
  56:../Libraries/XMCLib/src/xmc4_gpio.c **** 
  57:../Libraries/XMCLib/src/xmc4_gpio.c **** #define PORT_PDR_Msk              PORT0_PDR0_PD0_Msk
  58:../Libraries/XMCLib/src/xmc4_gpio.c **** #define PORT_PDR_Size             (4U)
  59:../Libraries/XMCLib/src/xmc4_gpio.c **** #define PORT_HWSEL_Msk            PORT0_HWSEL_HW0_Msk
  60:../Libraries/XMCLib/src/xmc4_gpio.c **** 
  61:../Libraries/XMCLib/src/xmc4_gpio.c **** /*******************************************************************************
  62:../Libraries/XMCLib/src/xmc4_gpio.c ****  * API IMPLEMENTATION
  63:../Libraries/XMCLib/src/xmc4_gpio.c ****  *******************************************************************************/
  64:../Libraries/XMCLib/src/xmc4_gpio.c **** 
  65:../Libraries/XMCLib/src/xmc4_gpio.c **** void XMC_GPIO_Init(XMC_GPIO_PORT_t *const port, const uint8_t pin, const XMC_GPIO_CONFIG_t *const c
  66:../Libraries/XMCLib/src/xmc4_gpio.c **** {
  28              	 .loc 1 66 0
  29              	 .cfi_startproc
  30              	 
  31              	 
  32              	 
  33 0000 80B4     	 push {r7}
  34              	.LCFI0:
  35              	 .cfi_def_cfa_offset 4
  36              	 .cfi_offset 7,-4
  37 0002 85B0     	 sub sp,sp,#20
  38              	.LCFI1:
  39              	 .cfi_def_cfa_offset 24
  40 0004 00AF     	 add r7,sp,#0
  41              	.LCFI2:
  42              	 .cfi_def_cfa_register 7
  43 0006 F860     	 str r0,[r7,#12]
  44 0008 0B46     	 mov r3,r1
  45 000a 7A60     	 str r2,[r7,#4]
  46 000c FB72     	 strb r3,[r7,#11]
  67:../Libraries/XMCLib/src/xmc4_gpio.c ****   XMC_ASSERT("XMC_GPIO_Init: Invalid port", XMC_GPIO_CHECK_PORT(port));
  68:../Libraries/XMCLib/src/xmc4_gpio.c ****   XMC_ASSERT("XMC_GPIO_Init: Invalid mode", XMC_GPIO_IsModeValid(config->mode));
  69:../Libraries/XMCLib/src/xmc4_gpio.c ****  
  70:../Libraries/XMCLib/src/xmc4_gpio.c ****   /* Switch to input */
  71:../Libraries/XMCLib/src/xmc4_gpio.c ****   port->IOCR[pin >> 2U] &= (uint32_t)~(PORT_IOCR_PC_Msk << (PORT_IOCR_PC_Size * (pin & 0x3U)));
  47              	 .loc 1 71 0
  48 000e FB7A     	 ldrb r3,[r7,#11]
  49 0010 9B08     	 lsrs r3,r3,#2
  50 0012 DBB2     	 uxtb r3,r3
  51 0014 1846     	 mov r0,r3
  52 0016 FB7A     	 ldrb r3,[r7,#11]
  53 0018 9B08     	 lsrs r3,r3,#2
  54 001a DBB2     	 uxtb r3,r3
  55 001c 1A46     	 mov r2,r3
  56 001e FB68     	 ldr r3,[r7,#12]
  57 0020 0432     	 adds r2,r2,#4
  58 0022 53F82220 	 ldr r2,[r3,r2,lsl#2]
  59 0026 FB7A     	 ldrb r3,[r7,#11]
  60 0028 03F00303 	 and r3,r3,#3
  61 002c DB00     	 lsls r3,r3,#3
  62 002e 1946     	 mov r1,r3
  63 0030 F823     	 movs r3,#248
  64 0032 8B40     	 lsls r3,r3,r1
  65 0034 DB43     	 mvns r3,r3
  66 0036 02EA0301 	 and r1,r2,r3
  67 003a FB68     	 ldr r3,[r7,#12]
  68 003c 021D     	 adds r2,r0,#4
  69 003e 43F82210 	 str r1,[r3,r2,lsl#2]
  72:../Libraries/XMCLib/src/xmc4_gpio.c **** 
  73:../Libraries/XMCLib/src/xmc4_gpio.c ****   /* HW port control is disabled */
  74:../Libraries/XMCLib/src/xmc4_gpio.c ****   port->HWSEL &= ~(uint32_t)((uint32_t)PORT_HWSEL_Msk << ((uint32_t)pin << 1U));
  70              	 .loc 1 74 0
  71 0042 FB68     	 ldr r3,[r7,#12]
  72 0044 5A6F     	 ldr r2,[r3,#116]
  73 0046 FB7A     	 ldrb r3,[r7,#11]
  74 0048 5B00     	 lsls r3,r3,#1
  75 004a 1946     	 mov r1,r3
  76 004c 0323     	 movs r3,#3
  77 004e 8B40     	 lsls r3,r3,r1
  78 0050 DB43     	 mvns r3,r3
  79 0052 1A40     	 ands r2,r2,r3
  80 0054 FB68     	 ldr r3,[r7,#12]
  81 0056 5A67     	 str r2,[r3,#116]
  75:../Libraries/XMCLib/src/xmc4_gpio.c **** 
  76:../Libraries/XMCLib/src/xmc4_gpio.c **** 
  77:../Libraries/XMCLib/src/xmc4_gpio.c ****   /* Enable digital input */
  78:../Libraries/XMCLib/src/xmc4_gpio.c ****   if (XMC_GPIO_CHECK_ANALOG_PORT(port))
  82              	 .loc 1 78 0
  83 0058 FB68     	 ldr r3,[r7,#12]
  84 005a 374A     	 ldr r2,.L5
  85 005c 9342     	 cmp r3,r2
  86 005e 03D0     	 beq .L2
  87              	 .loc 1 78 0 is_stmt 0 discriminator 1
  88 0060 FB68     	 ldr r3,[r7,#12]
  89 0062 364A     	 ldr r2,.L5+4
  90 0064 9342     	 cmp r3,r2
  91 0066 0AD1     	 bne .L3
  92              	.L2:
  79:../Libraries/XMCLib/src/xmc4_gpio.c ****   {
  80:../Libraries/XMCLib/src/xmc4_gpio.c ****     port->PDISC &= ~(uint32_t)((uint32_t)0x1U << pin);
  93              	 .loc 1 80 0 is_stmt 1
  94 0068 FB68     	 ldr r3,[r7,#12]
  95 006a 1A6E     	 ldr r2,[r3,#96]
  96 006c FB7A     	 ldrb r3,[r7,#11]
  97 006e 0121     	 movs r1,#1
  98 0070 01FA03F3 	 lsl r3,r1,r3
  99 0074 DB43     	 mvns r3,r3
 100 0076 1A40     	 ands r2,r2,r3
 101 0078 FB68     	 ldr r3,[r7,#12]
 102 007a 1A66     	 str r2,[r3,#96]
 103 007c 3CE0     	 b .L4
 104              	.L3:
  81:../Libraries/XMCLib/src/xmc4_gpio.c ****   }
  82:../Libraries/XMCLib/src/xmc4_gpio.c ****   else
  83:../Libraries/XMCLib/src/xmc4_gpio.c ****   {
  84:../Libraries/XMCLib/src/xmc4_gpio.c ****     /* Set output level */
  85:../Libraries/XMCLib/src/xmc4_gpio.c ****     port->OMR = (uint32_t)config->output_level << pin;
 105              	 .loc 1 85 0
 106 007e 7B68     	 ldr r3,[r7,#4]
 107 0080 5A68     	 ldr r2,[r3,#4]
 108 0082 FB7A     	 ldrb r3,[r7,#11]
 109 0084 9A40     	 lsls r2,r2,r3
 110 0086 FB68     	 ldr r3,[r7,#12]
 111 0088 5A60     	 str r2,[r3,#4]
  86:../Libraries/XMCLib/src/xmc4_gpio.c **** 
  87:../Libraries/XMCLib/src/xmc4_gpio.c ****     /* Set output driver strength */
  88:../Libraries/XMCLib/src/xmc4_gpio.c ****     port->PDR[pin >> 3U] &= (uint32_t)~(PORT_PDR_Msk << ((uint32_t)PORT_PDR_Size * ((uint32_t)pin &
 112              	 .loc 1 88 0
 113 008a FB7A     	 ldrb r3,[r7,#11]
 114 008c DB08     	 lsrs r3,r3,#3
 115 008e DBB2     	 uxtb r3,r3
 116 0090 1846     	 mov r0,r3
 117 0092 FB7A     	 ldrb r3,[r7,#11]
 118 0094 DB08     	 lsrs r3,r3,#3
 119 0096 DBB2     	 uxtb r3,r3
 120 0098 1A46     	 mov r2,r3
 121 009a FB68     	 ldr r3,[r7,#12]
 122 009c 1032     	 adds r2,r2,#16
 123 009e 53F82220 	 ldr r2,[r3,r2,lsl#2]
 124 00a2 FB7A     	 ldrb r3,[r7,#11]
 125 00a4 03F00703 	 and r3,r3,#7
 126 00a8 9B00     	 lsls r3,r3,#2
 127 00aa 1946     	 mov r1,r3
 128 00ac 0723     	 movs r3,#7
 129 00ae 8B40     	 lsls r3,r3,r1
 130 00b0 DB43     	 mvns r3,r3
 131 00b2 02EA0301 	 and r1,r2,r3
 132 00b6 FB68     	 ldr r3,[r7,#12]
 133 00b8 00F11002 	 add r2,r0,#16
 134 00bc 43F82210 	 str r1,[r3,r2,lsl#2]
  89:../Libraries/XMCLib/src/xmc4_gpio.c ****     port->PDR[pin >> 3U] |= (uint32_t)config->output_strength << ((uint32_t)PORT_PDR_Size * ((uint3
 135              	 .loc 1 89 0
 136 00c0 FB7A     	 ldrb r3,[r7,#11]
 137 00c2 DB08     	 lsrs r3,r3,#3
 138 00c4 DBB2     	 uxtb r3,r3
 139 00c6 1846     	 mov r0,r3
 140 00c8 FB7A     	 ldrb r3,[r7,#11]
 141 00ca DB08     	 lsrs r3,r3,#3
 142 00cc DBB2     	 uxtb r3,r3
 143 00ce 1A46     	 mov r2,r3
 144 00d0 FB68     	 ldr r3,[r7,#12]
 145 00d2 1032     	 adds r2,r2,#16
 146 00d4 53F82220 	 ldr r2,[r3,r2,lsl#2]
 147 00d8 7B68     	 ldr r3,[r7,#4]
 148 00da 1B7A     	 ldrb r3,[r3,#8]
 149 00dc 1946     	 mov r1,r3
 150 00de FB7A     	 ldrb r3,[r7,#11]
 151 00e0 03F00703 	 and r3,r3,#7
 152 00e4 9B00     	 lsls r3,r3,#2
 153 00e6 01FA03F3 	 lsl r3,r1,r3
 154 00ea 42EA0301 	 orr r1,r2,r3
 155 00ee FB68     	 ldr r3,[r7,#12]
 156 00f0 00F11002 	 add r2,r0,#16
 157 00f4 43F82210 	 str r1,[r3,r2,lsl#2]
 158              	.L4:
  90:../Libraries/XMCLib/src/xmc4_gpio.c ****   }
  91:../Libraries/XMCLib/src/xmc4_gpio.c **** 
  92:../Libraries/XMCLib/src/xmc4_gpio.c ****   /* Set mode */
  93:../Libraries/XMCLib/src/xmc4_gpio.c ****   port->IOCR[pin >> 2U] |= (uint32_t)config->mode << ((uint32_t)PORT_IOCR_PC_Size * ((uint32_t)pin 
 159              	 .loc 1 93 0
 160 00f8 FB7A     	 ldrb r3,[r7,#11]
 161 00fa 9B08     	 lsrs r3,r3,#2
 162 00fc DBB2     	 uxtb r3,r3
 163 00fe 1846     	 mov r0,r3
 164 0100 FB7A     	 ldrb r3,[r7,#11]
 165 0102 9B08     	 lsrs r3,r3,#2
 166 0104 DBB2     	 uxtb r3,r3
 167 0106 1A46     	 mov r2,r3
 168 0108 FB68     	 ldr r3,[r7,#12]
 169 010a 0432     	 adds r2,r2,#4
 170 010c 53F82220 	 ldr r2,[r3,r2,lsl#2]
 171 0110 7B68     	 ldr r3,[r7,#4]
 172 0112 1B78     	 ldrb r3,[r3]
 173 0114 1946     	 mov r1,r3
 174 0116 FB7A     	 ldrb r3,[r7,#11]
 175 0118 03F00303 	 and r3,r3,#3
 176 011c DB00     	 lsls r3,r3,#3
 177 011e 01FA03F3 	 lsl r3,r1,r3
 178 0122 42EA0301 	 orr r1,r2,r3
 179 0126 FB68     	 ldr r3,[r7,#12]
 180 0128 021D     	 adds r2,r0,#4
 181 012a 43F82210 	 str r1,[r3,r2,lsl#2]
  94:../Libraries/XMCLib/src/xmc4_gpio.c **** }
 182              	 .loc 1 94 0
 183 012e 1437     	 adds r7,r7,#20
 184              	.LCFI3:
 185              	 .cfi_def_cfa_offset 4
 186 0130 BD46     	 mov sp,r7
 187              	.LCFI4:
 188              	 .cfi_def_cfa_register 13
 189              	 
 190 0132 5DF8047B 	 ldr r7,[sp],#4
 191              	.LCFI5:
 192              	 .cfi_restore 7
 193              	 .cfi_def_cfa_offset 0
 194 0136 7047     	 bx lr
 195              	.L6:
 196              	 .align 2
 197              	.L5:
 198 0138 008E0248 	 .word 1208126976
 199 013c 008F0248 	 .word 1208127232
 200              	 .cfi_endproc
 201              	.LFE138:
 203              	 .section .text.XMC_GPIO_SetOutputStrength,"ax",%progbits
 204              	 .align 2
 205              	 .global XMC_GPIO_SetOutputStrength
 206              	 .thumb
 207              	 .thumb_func
 209              	XMC_GPIO_SetOutputStrength:
 210              	.LFB139:
  95:../Libraries/XMCLib/src/xmc4_gpio.c **** 
  96:../Libraries/XMCLib/src/xmc4_gpio.c **** void XMC_GPIO_SetOutputStrength(XMC_GPIO_PORT_t *const port, const uint8_t pin, XMC_GPIO_OUTPUT_STR
  97:../Libraries/XMCLib/src/xmc4_gpio.c **** {
 211              	 .loc 1 97 0
 212              	 .cfi_startproc
 213              	 
 214              	 
 215              	 
 216 0000 80B4     	 push {r7}
 217              	.LCFI6:
 218              	 .cfi_def_cfa_offset 4
 219              	 .cfi_offset 7,-4
 220 0002 83B0     	 sub sp,sp,#12
 221              	.LCFI7:
 222              	 .cfi_def_cfa_offset 16
 223 0004 00AF     	 add r7,sp,#0
 224              	.LCFI8:
 225              	 .cfi_def_cfa_register 7
 226 0006 7860     	 str r0,[r7,#4]
 227 0008 0B46     	 mov r3,r1
 228 000a FB70     	 strb r3,[r7,#3]
 229 000c 1346     	 mov r3,r2
 230 000e BB70     	 strb r3,[r7,#2]
  98:../Libraries/XMCLib/src/xmc4_gpio.c ****   XMC_ASSERT("XMC_GPIO_Init: Invalid port", XMC_GPIO_CHECK_OUTPUT_PORT(port));
  99:../Libraries/XMCLib/src/xmc4_gpio.c ****   XMC_ASSERT("XMC_GPIO_Init: Invalid output strength", XMC_GPIO_CHECK_OUTPUT_STRENGTH(strength));
 100:../Libraries/XMCLib/src/xmc4_gpio.c **** 
 101:../Libraries/XMCLib/src/xmc4_gpio.c ****   port->PDR[pin >> 3U] &= (uint32_t)~((uint32_t)PORT_PDR_Msk << ((uint32_t)PORT_PDR_Size * ((uint32
 231              	 .loc 1 101 0
 232 0010 FB78     	 ldrb r3,[r7,#3]
 233 0012 DB08     	 lsrs r3,r3,#3
 234 0014 DBB2     	 uxtb r3,r3
 235 0016 1846     	 mov r0,r3
 236 0018 FB78     	 ldrb r3,[r7,#3]
 237 001a DB08     	 lsrs r3,r3,#3
 238 001c DBB2     	 uxtb r3,r3
 239 001e 1A46     	 mov r2,r3
 240 0020 7B68     	 ldr r3,[r7,#4]
 241 0022 1032     	 adds r2,r2,#16
 242 0024 53F82220 	 ldr r2,[r3,r2,lsl#2]
 243 0028 FB78     	 ldrb r3,[r7,#3]
 244 002a 03F00703 	 and r3,r3,#7
 245 002e 9B00     	 lsls r3,r3,#2
 246 0030 1946     	 mov r1,r3
 247 0032 0723     	 movs r3,#7
 248 0034 8B40     	 lsls r3,r3,r1
 249 0036 DB43     	 mvns r3,r3
 250 0038 02EA0301 	 and r1,r2,r3
 251 003c 7B68     	 ldr r3,[r7,#4]
 252 003e 00F11002 	 add r2,r0,#16
 253 0042 43F82210 	 str r1,[r3,r2,lsl#2]
 102:../Libraries/XMCLib/src/xmc4_gpio.c ****   port->PDR[pin >> 3U] |= (uint32_t)strength << ((uint32_t)PORT_PDR_Size * ((uint32_t)pin & 0x7U));
 254              	 .loc 1 102 0
 255 0046 FB78     	 ldrb r3,[r7,#3]
 256 0048 DB08     	 lsrs r3,r3,#3
 257 004a DBB2     	 uxtb r3,r3
 258 004c 1846     	 mov r0,r3
 259 004e FB78     	 ldrb r3,[r7,#3]
 260 0050 DB08     	 lsrs r3,r3,#3
 261 0052 DBB2     	 uxtb r3,r3
 262 0054 1A46     	 mov r2,r3
 263 0056 7B68     	 ldr r3,[r7,#4]
 264 0058 1032     	 adds r2,r2,#16
 265 005a 53F82220 	 ldr r2,[r3,r2,lsl#2]
 266 005e BB78     	 ldrb r3,[r7,#2]
 267 0060 F978     	 ldrb r1,[r7,#3]
 268 0062 01F00701 	 and r1,r1,#7
 269 0066 8900     	 lsls r1,r1,#2
 270 0068 8B40     	 lsls r3,r3,r1
 271 006a 42EA0301 	 orr r1,r2,r3
 272 006e 7B68     	 ldr r3,[r7,#4]
 273 0070 00F11002 	 add r2,r0,#16
 274 0074 43F82210 	 str r1,[r3,r2,lsl#2]
 103:../Libraries/XMCLib/src/xmc4_gpio.c **** }
 275              	 .loc 1 103 0
 276 0078 0C37     	 adds r7,r7,#12
 277              	.LCFI9:
 278              	 .cfi_def_cfa_offset 4
 279 007a BD46     	 mov sp,r7
 280              	.LCFI10:
 281              	 .cfi_def_cfa_register 13
 282              	 
 283 007c 5DF8047B 	 ldr r7,[sp],#4
 284              	.LCFI11:
 285              	 .cfi_restore 7
 286              	 .cfi_def_cfa_offset 0
 287 0080 7047     	 bx lr
 288              	 .cfi_endproc
 289              	.LFE139:
 291 0082 00BF     	 .text
 292              	.Letext0:
 293              	 .file 2 "c:\\davev4-64bit\\dave-4.3.2\\eclipse\\arm-gcc-49\\arm-none-eabi\\include\\machine\\_default_types.h"
 294              	 .file 3 "c:\\davev4-64bit\\dave-4.3.2\\eclipse\\arm-gcc-49\\arm-none-eabi\\include\\stdint.h"
 295              	 .file 4 "C:/Workspaces/SOES-SAMPLE/xmc48_ecatslave/Libraries/XMCLib/inc/xmc_gpio.h"
 296              	 .file 5 "C:/Workspaces/SOES-SAMPLE/xmc48_ecatslave/Libraries/XMCLib/inc/xmc4_gpio.h"
 297              	 .file 6 "C:/Workspaces/SOES-SAMPLE/xmc48_ecatslave/Libraries/CMSIS/Include/core_cm4.h"
DEFINED SYMBOLS
                            *ABS*:00000000 xmc4_gpio.c
    {standard input}:20     .text.XMC_GPIO_Init:00000000 $t
    {standard input}:25     .text.XMC_GPIO_Init:00000000 XMC_GPIO_Init
    {standard input}:198    .text.XMC_GPIO_Init:00000138 $d
    {standard input}:204    .text.XMC_GPIO_SetOutputStrength:00000000 $t
    {standard input}:209    .text.XMC_GPIO_SetOutputStrength:00000000 XMC_GPIO_SetOutputStrength
                     .debug_frame:00000010 $d

NO UNDEFINED SYMBOLS
