   1              	 .syntax unified
   2              	 .cpu cortex-m4
   3              	 .eabi_attribute 27,3
   4              	 .fpu fpv4-sp-d16
   5              	 .eabi_attribute 20,1
   6              	 .eabi_attribute 21,1
   7              	 .eabi_attribute 23,3
   8              	 .eabi_attribute 24,1
   9              	 .eabi_attribute 25,1
  10              	 .eabi_attribute 26,1
  11              	 .eabi_attribute 30,6
  12              	 .eabi_attribute 34,1
  13              	 .eabi_attribute 18,4
  14              	 .thumb
  15              	 .file "interrupt_conf.c"
  16              	 .text
  17              	.Ltext0:
  18              	 .cfi_sections .debug_frame
  19              	 .global INTERRUPT_0
  20              	 .section .rodata.INTERRUPT_0,"a",%progbits
  21              	 .align 2
  24              	INTERRUPT_0:
  25 0000 39       	 .byte 57
  26 0001 1E       	 .byte 30
  27 0002 00       	 .byte 0
  28 0003 01       	 .byte 1
  29              	 .global INT_SYNC1
  30              	 .section .rodata.INT_SYNC1,"a",%progbits
  31              	 .align 2
  34              	INT_SYNC1:
  35 0000 08       	 .byte 8
  36 0001 1E       	 .byte 30
  37 0002 00       	 .byte 0
  38 0003 01       	 .byte 1
  39              	 .global INT_SYNC0
  40              	 .section .rodata.INT_SYNC0,"a",%progbits
  41              	 .align 2
  44              	INT_SYNC0:
  45 0000 05       	 .byte 5
  46 0001 1E       	 .byte 30
  47 0002 00       	 .byte 0
  48 0003 01       	 .byte 1
  49              	 .text
  50              	.Letext0:
  51              	 .file 1 "c:\\program files\\dave-ide-4.4.2-64bit\\eclipse\\arm-gcc-49\\arm-none-eabi\\include\\machine\\_default_types.h"
  52              	 .file 2 "c:\\program files\\dave-ide-4.4.2-64bit\\eclipse\\arm-gcc-49\\arm-none-eabi\\include\\stdint.h"
  53              	 .file 3 "C:/src/bakalarka_workspace/ETHCAT_FWUPDATE_SSC_APPLICATION_XMC48/Libraries/CMSIS/Infineon/XMC4800_series/Include/XMC4800.h"
  54              	 .file 4 "../Dave/Generated/INTERRUPT/interrupt.h"
  55              	 .file 5 "C:/src/bakalarka_workspace/ETHCAT_FWUPDATE_SSC_APPLICATION_XMC48/Libraries/CMSIS/Include/core_cm4.h"
  56              	 .file 6 "../Dave/Generated/INTERRUPT/interrupt_conf.c"
DEFINED SYMBOLS
                            *ABS*:00000000 interrupt_conf.c
    {standard input}:24     .rodata.INTERRUPT_0:00000000 INTERRUPT_0
    {standard input}:21     .rodata.INTERRUPT_0:00000000 $d
    {standard input}:34     .rodata.INT_SYNC1:00000000 INT_SYNC1
    {standard input}:31     .rodata.INT_SYNC1:00000000 $d
    {standard input}:44     .rodata.INT_SYNC0:00000000 INT_SYNC0
    {standard input}:41     .rodata.INT_SYNC0:00000000 $d

NO UNDEFINED SYMBOLS
