   1              	 .syntax unified
   2              	 .cpu cortex-m4
   3              	 .eabi_attribute 27,3
   4              	 .fpu fpv4-sp-d16
   5              	 .eabi_attribute 20,1
   6              	 .eabi_attribute 21,1
   7              	 .eabi_attribute 23,3
   8              	 .eabi_attribute 24,1
   9              	 .eabi_attribute 25,1
  10              	 .eabi_attribute 26,1
  11              	 .eabi_attribute 30,6
  12              	 .eabi_attribute 34,1
  13              	 .eabi_attribute 18,4
  14              	 .thumb
  15              	 .file "global_ccu4_conf.c"
  16              	 .text
  17              	.Ltext0:
  18              	 .cfi_sections .debug_frame
  19              	 .global GLOBAL_CCU4_0
  20              	 .section .data.GLOBAL_CCU4_0,"aw",%progbits
  21              	 .align 2
  24              	GLOBAL_CCU4_0:
  25 0000 00449508 	 .word 144000000
  26 0004 0800     	 .short 8
  27 0006 0000     	 .space 2
  28 0008 00400048 	 .word 1207975936
  29 000c 00       	 .byte 0
  30 000d 00       	 .byte 0
  31 000e 0000     	 .space 2
  32              	 .text
  33              	.Letext0:
  34              	 .file 1 "c:\\davev4-64bit\\dave-4.3.2\\eclipse\\arm-gcc-49\\arm-none-eabi\\include\\machine\\_default_types.h"
  35              	 .file 2 "c:\\davev4-64bit\\dave-4.3.2\\eclipse\\arm-gcc-49\\arm-none-eabi\\include\\stdint.h"
  36              	 .file 3 "C:/Workspaces/SOES-FW-UPDATE/ETHCAT_FWUPDATE_SSC_APPLICATION_XMC48/Libraries/CMSIS/Infineon/XMC4800_series/Include/XMC4800.h"
  37              	 .file 4 "C:/Workspaces/SOES-FW-UPDATE/ETHCAT_FWUPDATE_SSC_APPLICATION_XMC48/Libraries/XMCLib/inc/xmc_ccu4.h"
  38              	 .file 5 "C:/Workspaces/SOES-FW-UPDATE/ETHCAT_FWUPDATE_SSC_APPLICATION_XMC48/Libraries/XMCLib/inc/xmc4_scu.h"
  39              	 .file 6 "../Dave/Generated/GLOBAL_CCU4/global_ccu4.h"
  40              	 .file 7 "C:/Workspaces/SOES-FW-UPDATE/ETHCAT_FWUPDATE_SSC_APPLICATION_XMC48/Libraries/CMSIS/Include/core_cm4.h"
  41              	 .file 8 "C:/Workspaces/SOES-FW-UPDATE/ETHCAT_FWUPDATE_SSC_APPLICATION_XMC48/Libraries/CMSIS/Infineon/XMC4800_series/Include/system_XMC4800.h"
  42              	 .file 9 "../Dave/Generated/GLOBAL_CCU4/global_ccu4_conf.c"
DEFINED SYMBOLS
                            *ABS*:00000000 global_ccu4_conf.c
    {standard input}:24     .data.GLOBAL_CCU4_0:00000000 GLOBAL_CCU4_0
    {standard input}:21     .data.GLOBAL_CCU4_0:00000000 $d

NO UNDEFINED SYMBOLS
